15:23:58.459 INFO - Selenium build info: version: '3.3.1', revision: '5234b32'
15:23:58.459 INFO - Launching a standalone Selenium Server
2017-03-27 15:23:58.475:INFO::main: Logging initialized @189ms to org.seleniumhq.jetty9.util.log.StdErrLog
15:23:58.521 INFO - Driver class not found: com.opera.core.systems.OperaDriver
15:23:58.521 INFO - Driver provider com.opera.core.systems.OperaDriver registration is skipped:
Unable to create new instances on this machine.
15:23:58.521 INFO - Driver class not found: com.opera.core.systems.OperaDriver
15:23:58.521 INFO - Driver provider com.opera.core.systems.OperaDriver is not registered
15:23:58.521 INFO - Driver provider org.openqa.selenium.safari.SafariDriver registration is skipped:
 registration capabilities Capabilities [{browserName=safari, version=, platform=MAC}] does not match the current platform WIN10
2017-03-27 15:23:58.553:INFO:osjs.Server:main: jetty-9.2.20.v20161216
2017-03-27 15:23:58.584:INFO:osjsh.ContextHandler:main: Started o.s.j.s.ServletContextHandler@5cb137{/,null,AVAILABLE}
2017-03-27 15:23:58.693:INFO:osjs.AbstractConnector:main: Started ServerConnector@1993335{HTTP/1.1,[http/1.1]}{0.0.0.0:1337}
2017-03-27 15:23:58.693:INFO:osjs.Server:main: Started @408ms
15:23:58.693 INFO - Selenium Server is up and running
15:23:59.070 INFO - SessionCleaner initialized with insideBrowserTimeout 0 and clientGoneTimeout 1800000 polling every 180000
15:23:59.086 INFO - Executing: [new session: Capabilities [{acceptSslCerts=true, marionette=true, name=loginTests, browserName=chrome, javascriptEnabled=true, platform=ANY}]])
15:23:59.102 INFO - Creating a new session for Capabilities [{acceptSslCerts=true, marionette=true, name=loginTests, browserName=chrome, javascriptEnabled=true, platform=ANY}]
Starting ChromeDriver 2.28.455520 (cc17746adff54984afff480136733114c6b3704b) on port 44109
Only local connections are allowed.
15:24:01.315 INFO - Detected dialect: OSS
15:24:01.331 INFO - Done: [new session: Capabilities [{acceptSslCerts=true, marionette=true, name=loginTests, browserName=chrome, javascriptEnabled=true, platform=ANY}]]
15:24:01.331 INFO - Executing: [get: http://localhost:9000/#/login])
15:24:02.154 INFO - Done: [get: http://localhost:9000/#/login]
15:24:02.163 INFO - Executing: [find elements: By.cssSelector: body])
15:24:02.197 INFO - Done: [find elements: By.cssSelector: body]
15:24:02.201 INFO - Executing: [is displayed: 0 [[ChromeDriver: chrome on XP (cb3b2252530b6a0fab700de08867f324)] -> css selector: body]])
15:24:02.216 INFO - Done: [is displayed: 0 [[ChromeDriver: chrome on XP (cb3b2252530b6a0fab700de08867f324)] -> css selector: body]]
15:24:02.222 INFO - Executing: [find element: By.cssSelector: .login-form])
15:24:02.238 INFO - Done: [find element: By.cssSelector: .login-form]
15:24:02.242 INFO - Executing: [is displayed: 1 [[ChromeDriver: chrome on XP (cb3b2252530b6a0fab700de08867f324)] -> css selector: .login-form]])
15:24:02.260 INFO - Done: [is displayed: 1 [[ChromeDriver: chrome on XP (cb3b2252530b6a0fab700de08867f324)] -> css selector: .login-form]]
15:24:02.266 INFO - Executing: [find element: By.cssSelector: input[type=text]#username])
15:24:02.276 INFO - Done: [find element: By.cssSelector: input[type=text]#username]
15:24:02.276 INFO - Executing: [is displayed: 2 [[ChromeDriver: chrome on XP (cb3b2252530b6a0fab700de08867f324)] -> css selector: input[type=text]#username]])
15:24:02.305 INFO - Done: [is displayed: 2 [[ChromeDriver: chrome on XP (cb3b2252530b6a0fab700de08867f324)] -> css selector: input[type=text]#username]]
15:24:02.310 INFO - Executing: [find element: By.cssSelector: input[type=password]#password])
15:24:02.325 INFO - Done: [find element: By.cssSelector: input[type=password]#password]
15:24:02.325 INFO - Executing: [is displayed: 3 [[ChromeDriver: chrome on XP (cb3b2252530b6a0fab700de08867f324)] -> css selector: input[type=password]#password]])
15:24:02.341 INFO - Done: [is displayed: 3 [[ChromeDriver: chrome on XP (cb3b2252530b6a0fab700de08867f324)] -> css selector: input[type=password]#password]]
15:24:02.341 INFO - Executing: [find element: By.cssSelector: input[type=submit]#login-submit])
15:24:02.358 INFO - Done: [find element: By.cssSelector: input[type=submit]#login-submit]
15:24:02.358 INFO - Executing: [is displayed: 4 [[ChromeDriver: chrome on XP (cb3b2252530b6a0fab700de08867f324)] -> css selector: input[type=submit]#login-submit]])
15:24:02.386 INFO - Done: [is displayed: 4 [[ChromeDriver: chrome on XP (cb3b2252530b6a0fab700de08867f324)] -> css selector: input[type=submit]#login-submit]]
15:24:02.391 INFO - Executing: [delete session: 5b31efe0-b4a5-4d53-9ffc-f4ddb2e3ebd4])
15:24:03.101 INFO - Done: [delete session: 5b31efe0-b4a5-4d53-9ffc-f4ddb2e3ebd4]
15:24:03.101 INFO - Executing: [new session: Capabilities [{acceptSslCerts=true, marionette=true, name=loginTests, browserName=chrome, javascriptEnabled=true, platform=ANY}]])
15:24:03.101 INFO - Creating a new session for Capabilities [{acceptSslCerts=true, marionette=true, name=loginTests, browserName=chrome, javascriptEnabled=true, platform=ANY}]
Starting ChromeDriver 2.28.455520 (cc17746adff54984afff480136733114c6b3704b) on port 18461
Only local connections are allowed.
15:24:04.966 INFO - Detected dialect: OSS
15:24:04.966 INFO - Done: [new session: Capabilities [{acceptSslCerts=true, marionette=true, name=loginTests, browserName=chrome, javascriptEnabled=true, platform=ANY}]]
15:24:04.981 INFO - Executing: [get: http://localhost:9000/#/login])
15:24:06.669 INFO - Done: [get: http://localhost:9000/#/login]
15:24:06.676 INFO - Executing: [find elements: By.cssSelector: body])
15:24:06.695 INFO - Done: [find elements: By.cssSelector: body]
15:24:06.698 INFO - Executing: [is displayed: 0 [[ChromeDriver: chrome on XP (dea5ea647deb5194aa4daf5437382890)] -> css selector: body]])
15:24:06.712 INFO - Done: [is displayed: 0 [[ChromeDriver: chrome on XP (dea5ea647deb5194aa4daf5437382890)] -> css selector: body]]
15:24:06.716 INFO - Executing: [find element: By.cssSelector: input[type=text]#username])
15:24:06.726 INFO - Done: [find element: By.cssSelector: input[type=text]#username]
15:24:06.726 INFO - Executing: [send keys: 1 [[ChromeDriver: chrome on XP (dea5ea647deb5194aa4daf5437382890)] -> css selector: input[type=text]#username], [D, e, f, i, n, i, t, e, l, y,  , a, n,  , i, n, v, a, l, i, d,  , u, s, e, r, n, a, m, e]])
15:24:06.837 INFO - Done: [send keys: 1 [[ChromeDriver: chrome on XP (dea5ea647deb5194aa4daf5437382890)] -> css selector: input[type=text]#username], [D, e, f, i, n, i, t, e, l, y,  , a, n,  , i, n, v, a, l, i, d,  , u, s, e, r, n, a, m, e]]
15:24:06.842 INFO - Executing: [find element: By.cssSelector: input[type=password]#password])
15:24:06.858 INFO - Done: [find element: By.cssSelector: input[type=password]#password]
15:24:06.861 INFO - Executing: [send keys: 2 [[ChromeDriver: chrome on XP (dea5ea647deb5194aa4daf5437382890)] -> css selector: input[type=password]#password], [k, i, k, o, p, e, y, a, n, s, k, i]])
15:24:06.916 INFO - Done: [send keys: 2 [[ChromeDriver: chrome on XP (dea5ea647deb5194aa4daf5437382890)] -> css selector: input[type=password]#password], [k, i, k, o, p, e, y, a, n, s, k, i]]
15:24:06.919 INFO - Executing: [find element: By.cssSelector: input[type=submit]#login-submit])
15:24:06.937 INFO - Done: [find element: By.cssSelector: input[type=submit]#login-submit]
15:24:06.940 INFO - Executing: [click: 3 [[ChromeDriver: chrome on XP (dea5ea647deb5194aa4daf5437382890)] -> css selector: input[type=submit]#login-submit]])
15:24:06.984 INFO - Done: [click: 3 [[ChromeDriver: chrome on XP (dea5ea647deb5194aa4daf5437382890)] -> css selector: input[type=submit]#login-submit]]
15:24:08.989 INFO - Executing: [find element: By.cssSelector: .toast-message])
15:24:09.007 INFO - Done: [find element: By.cssSelector: .toast-message]
15:24:09.010 INFO - Executing: [get text: 4 [[ChromeDriver: chrome on XP (dea5ea647deb5194aa4daf5437382890)] -> css selector: .toast-message]])
15:24:09.028 INFO - Done: [get text: 4 [[ChromeDriver: chrome on XP (dea5ea647deb5194aa4daf5437382890)] -> css selector: .toast-message]]
15:24:09.032 INFO - Executing: [delete session: 929a5b18-a585-47f6-90f3-c34fd4df5646])
15:24:09.833 INFO - Done: [delete session: 929a5b18-a585-47f6-90f3-c34fd4df5646]
15:24:09.848 INFO - Executing: [new session: Capabilities [{acceptSslCerts=true, marionette=true, name=loginTests, browserName=chrome, javascriptEnabled=true, platform=ANY}]])
15:24:09.864 INFO - Creating a new session for Capabilities [{acceptSslCerts=true, marionette=true, name=loginTests, browserName=chrome, javascriptEnabled=true, platform=ANY}]
Starting ChromeDriver 2.28.455520 (cc17746adff54984afff480136733114c6b3704b) on port 7606
Only local connections are allowed.
15:24:11.798 INFO - Detected dialect: OSS
15:24:11.813 INFO - Done: [new session: Capabilities [{acceptSslCerts=true, marionette=true, name=loginTests, browserName=chrome, javascriptEnabled=true, platform=ANY}]]
15:24:11.813 INFO - Executing: [get: http://localhost:9000/#/login])
15:24:12.856 INFO - Done: [get: http://localhost:9000/#/login]
15:24:12.860 INFO - Executing: [find elements: By.cssSelector: body])
15:24:12.879 INFO - Done: [find elements: By.cssSelector: body]
15:24:12.882 INFO - Executing: [is displayed: 0 [[ChromeDriver: chrome on XP (6d47b9ca46c38493e5a4cdce7817d764)] -> css selector: body]])
15:24:12.899 INFO - Done: [is displayed: 0 [[ChromeDriver: chrome on XP (6d47b9ca46c38493e5a4cdce7817d764)] -> css selector: body]]
15:24:12.904 INFO - Executing: [find element: By.cssSelector: input[type=text]#username])
15:24:12.921 INFO - Done: [find element: By.cssSelector: input[type=text]#username]
15:24:12.924 INFO - Executing: [send keys: 1 [[ChromeDriver: chrome on XP (6d47b9ca46c38493e5a4cdce7817d764)] -> css selector: input[type=text]#username], [k, i, k, o, p, e, y, a, n, s, k, i]])
15:24:12.992 INFO - Done: [send keys: 1 [[ChromeDriver: chrome on XP (6d47b9ca46c38493e5a4cdce7817d764)] -> css selector: input[type=text]#username], [k, i, k, o, p, e, y, a, n, s, k, i]]
15:24:12.995 INFO - Executing: [find element: By.cssSelector: input[type=password]#password])
15:24:13.012 INFO - Done: [find element: By.cssSelector: input[type=password]#password]
15:24:13.015 INFO - Executing: [send keys: 2 [[ChromeDriver: chrome on XP (6d47b9ca46c38493e5a4cdce7817d764)] -> css selector: input[type=password]#password], [i, n, v]])
15:24:13.059 INFO - Done: [send keys: 2 [[ChromeDriver: chrome on XP (6d47b9ca46c38493e5a4cdce7817d764)] -> css selector: input[type=password]#password], [i, n, v]]
15:24:13.062 INFO - Executing: [find element: By.cssSelector: input[type=submit]#login-submit])
15:24:13.080 INFO - Done: [find element: By.cssSelector: input[type=submit]#login-submit]
15:24:13.082 INFO - Executing: [click: 3 [[ChromeDriver: chrome on XP (6d47b9ca46c38493e5a4cdce7817d764)] -> css selector: input[type=submit]#login-submit]])
15:24:13.128 INFO - Done: [click: 3 [[ChromeDriver: chrome on XP (6d47b9ca46c38493e5a4cdce7817d764)] -> css selector: input[type=submit]#login-submit]]
15:24:15.131 INFO - Executing: [find element: By.cssSelector: .toast-message])
15:24:15.178 INFO - Done: [find element: By.cssSelector: .toast-message]
15:24:15.178 INFO - Executing: [is displayed: 4 [[ChromeDriver: chrome on XP (6d47b9ca46c38493e5a4cdce7817d764)] -> css selector: .toast-message]])
15:24:15.209 INFO - Done: [is displayed: 4 [[ChromeDriver: chrome on XP (6d47b9ca46c38493e5a4cdce7817d764)] -> css selector: .toast-message]]
15:24:15.209 INFO - Executing: [find element: By.cssSelector: .toast-message])
15:24:15.225 INFO - Done: [find element: By.cssSelector: .toast-message]
15:24:15.225 INFO - Executing: [get text: 4 [[ChromeDriver: chrome on XP (6d47b9ca46c38493e5a4cdce7817d764)] -> css selector: .toast-message]])
15:24:15.240 INFO - Done: [get text: 4 [[ChromeDriver: chrome on XP (6d47b9ca46c38493e5a4cdce7817d764)] -> css selector: .toast-message]]
15:24:15.240 INFO - Executing: [delete session: cc21e042-dc44-40f2-aed5-276bbf8888a8])
15:24:15.990 INFO - Done: [delete session: cc21e042-dc44-40f2-aed5-276bbf8888a8]
15:24:16.022 INFO - Executing: [new session: Capabilities [{acceptSslCerts=true, marionette=true, name=loginTests, browserName=chrome, javascriptEnabled=true, platform=ANY}]])
15:24:16.022 INFO - Creating a new session for Capabilities [{acceptSslCerts=true, marionette=true, name=loginTests, browserName=chrome, javascriptEnabled=true, platform=ANY}]
Starting ChromeDriver 2.28.455520 (cc17746adff54984afff480136733114c6b3704b) on port 37840
Only local connections are allowed.
15:24:17.955 INFO - Detected dialect: OSS
15:24:17.955 INFO - Done: [new session: Capabilities [{acceptSslCerts=true, marionette=true, name=loginTests, browserName=chrome, javascriptEnabled=true, platform=ANY}]]
15:24:17.971 INFO - Executing: [get: http://localhost:9000/#/login])
15:24:18.852 INFO - Done: [get: http://localhost:9000/#/login]
15:24:18.857 INFO - Executing: [find elements: By.cssSelector: body])
15:24:18.875 INFO - Done: [find elements: By.cssSelector: body]
15:24:18.878 INFO - Executing: [is displayed: 0 [[ChromeDriver: chrome on XP (a488be21f99085c26735a2b0ff02b11b)] -> css selector: body]])
15:24:18.893 INFO - Done: [is displayed: 0 [[ChromeDriver: chrome on XP (a488be21f99085c26735a2b0ff02b11b)] -> css selector: body]]
15:24:18.896 INFO - Executing: [find element: By.cssSelector: input[type=text]#username])
15:24:18.914 INFO - Done: [find element: By.cssSelector: input[type=text]#username]
15:24:18.916 INFO - Executing: [send keys: 1 [[ChromeDriver: chrome on XP (a488be21f99085c26735a2b0ff02b11b)] -> css selector: input[type=text]#username], [k, i, k, o, p, e, y, a, n, s, k, i]])
15:24:18.981 INFO - Done: [send keys: 1 [[ChromeDriver: chrome on XP (a488be21f99085c26735a2b0ff02b11b)] -> css selector: input[type=text]#username], [k, i, k, o, p, e, y, a, n, s, k, i]]
15:24:18.984 INFO - Executing: [find element: By.cssSelector: input[type=password]#password])
15:24:19.003 INFO - Done: [find element: By.cssSelector: input[type=password]#password]
15:24:19.006 INFO - Executing: [send keys: 2 [[ChromeDriver: chrome on XP (a488be21f99085c26735a2b0ff02b11b)] -> css selector: input[type=password]#password], [k, i, k, o, p, e, y, a, n, s, k, i]])
15:24:19.073 INFO - Done: [send keys: 2 [[ChromeDriver: chrome on XP (a488be21f99085c26735a2b0ff02b11b)] -> css selector: input[type=password]#password], [k, i, k, o, p, e, y, a, n, s, k, i]]
15:24:19.076 INFO - Executing: [find element: By.cssSelector: input[type=submit]#login-submit])
15:24:19.094 INFO - Done: [find element: By.cssSelector: input[type=submit]#login-submit]
15:24:19.097 INFO - Executing: [click: 3 [[ChromeDriver: chrome on XP (a488be21f99085c26735a2b0ff02b11b)] -> css selector: input[type=submit]#login-submit]])
15:24:19.144 INFO - Done: [click: 3 [[ChromeDriver: chrome on XP (a488be21f99085c26735a2b0ff02b11b)] -> css selector: input[type=submit]#login-submit]]
15:24:22.152 INFO - Executing: [get current url])
15:24:22.168 INFO - Done: [get current url]
15:24:22.186 INFO - Executing: [delete session: 43ac62d6-06c4-43bf-a34d-f00677af1c72])
15:24:22.982 INFO - Done: [delete session: 43ac62d6-06c4-43bf-a34d-f00677af1c72]
15:24:23.021 INFO - Executing: [new session: Capabilities [{acceptSslCerts=true, marionette=true, name=Register Tests, browserName=chrome, javascriptEnabled=true, platform=ANY}]])
15:24:23.023 INFO - Creating a new session for Capabilities [{acceptSslCerts=true, marionette=true, name=Register Tests, browserName=chrome, javascriptEnabled=true, platform=ANY}]
Starting ChromeDriver 2.28.455520 (cc17746adff54984afff480136733114c6b3704b) on port 8984
Only local connections are allowed.
15:24:24.955 INFO - Detected dialect: OSS
15:24:24.958 INFO - Done: [new session: Capabilities [{acceptSslCerts=true, marionette=true, name=Register Tests, browserName=chrome, javascriptEnabled=true, platform=ANY}]]
15:24:24.962 INFO - Executing: [get: http://localhost:9000/#/login])
15:24:25.905 INFO - Done: [get: http://localhost:9000/#/login]
15:24:25.912 INFO - Executing: [find elements: By.cssSelector: body])
15:24:25.937 INFO - Done: [find elements: By.cssSelector: body]
15:24:25.940 INFO - Executing: [is displayed: 0 [[ChromeDriver: chrome on XP (c43f2a6b2b75c24a5cb0cb173bf5458b)] -> css selector: body]])
15:24:25.954 INFO - Done: [is displayed: 0 [[ChromeDriver: chrome on XP (c43f2a6b2b75c24a5cb0cb173bf5458b)] -> css selector: body]]
15:24:25.959 INFO - Executing: [find element: By.cssSelector: #register-form-link])
15:24:25.977 INFO - Done: [find element: By.cssSelector: #register-form-link]
15:24:25.979 INFO - Executing: [click: 1 [[ChromeDriver: chrome on XP (c43f2a6b2b75c24a5cb0cb173bf5458b)] -> css selector: #register-form-link]])
15:24:26.032 INFO - Done: [click: 1 [[ChromeDriver: chrome on XP (c43f2a6b2b75c24a5cb0cb173bf5458b)] -> css selector: #register-form-link]]
15:24:26.037 INFO - Executing: [find elements: By.cssSelector: form#user-create-user])
15:24:26.061 INFO - Done: [find elements: By.cssSelector: form#user-create-user]
15:24:26.064 INFO - Executing: [is displayed: 2 [[ChromeDriver: chrome on XP (c43f2a6b2b75c24a5cb0cb173bf5458b)] -> css selector: form#user-create-user]])
15:24:26.081 INFO - Done: [is displayed: 2 [[ChromeDriver: chrome on XP (c43f2a6b2b75c24a5cb0cb173bf5458b)] -> css selector: form#user-create-user]]
15:24:26.087 INFO - Executing: [find element: By.cssSelector: #user-create-user])
15:24:26.104 INFO - Done: [find element: By.cssSelector: #user-create-user]
15:24:26.107 INFO - Executing: [is displayed: 2 [[ChromeDriver: chrome on XP (c43f2a6b2b75c24a5cb0cb173bf5458b)] -> css selector: form#user-create-user]])
15:24:26.115 INFO - Done: [is displayed: 2 [[ChromeDriver: chrome on XP (c43f2a6b2b75c24a5cb0cb173bf5458b)] -> css selector: form#user-create-user]]
15:24:26.119 INFO - Executing: [find element: By.cssSelector: input[type=text]#username])
15:24:26.135 INFO - Done: [find element: By.cssSelector: input[type=text]#username]
15:24:26.138 INFO - Executing: [is displayed: 3 [[ChromeDriver: chrome on XP (c43f2a6b2b75c24a5cb0cb173bf5458b)] -> css selector: input[type=text]#username]])
15:24:26.154 INFO - Done: [is displayed: 3 [[ChromeDriver: chrome on XP (c43f2a6b2b75c24a5cb0cb173bf5458b)] -> css selector: input[type=text]#username]]
15:24:26.158 INFO - Executing: [find element: By.cssSelector: input[type=email]#email])
15:24:26.176 INFO - Done: [find element: By.cssSelector: input[type=email]#email]
15:24:26.179 INFO - Executing: [is displayed: 4 [[ChromeDriver: chrome on XP (c43f2a6b2b75c24a5cb0cb173bf5458b)] -> css selector: input[type=email]#email]])
15:24:26.195 INFO - Done: [is displayed: 4 [[ChromeDriver: chrome on XP (c43f2a6b2b75c24a5cb0cb173bf5458b)] -> css selector: input[type=email]#email]]
15:24:26.199 INFO - Executing: [find element: By.cssSelector: input[type=password]#password])
15:24:26.216 INFO - Done: [find element: By.cssSelector: input[type=password]#password]
15:24:26.218 INFO - Executing: [is displayed: 5 [[ChromeDriver: chrome on XP (c43f2a6b2b75c24a5cb0cb173bf5458b)] -> css selector: input[type=password]#password]])
15:24:26.234 INFO - Done: [is displayed: 5 [[ChromeDriver: chrome on XP (c43f2a6b2b75c24a5cb0cb173bf5458b)] -> css selector: input[type=password]#password]]
15:24:26.239 INFO - Executing: [find element: By.cssSelector: input[type=password]#confirm-password])
15:24:26.258 INFO - Done: [find element: By.cssSelector: input[type=password]#confirm-password]
15:24:26.261 INFO - Executing: [is displayed: 6 [[ChromeDriver: chrome on XP (c43f2a6b2b75c24a5cb0cb173bf5458b)] -> css selector: input[type=password]#confirm-password]])
15:24:26.278 INFO - Done: [is displayed: 6 [[ChromeDriver: chrome on XP (c43f2a6b2b75c24a5cb0cb173bf5458b)] -> css selector: input[type=password]#confirm-password]]
15:24:26.281 INFO - Executing: [find element: By.cssSelector: input[type=file]#image])
15:24:26.300 INFO - Done: [find element: By.cssSelector: input[type=file]#image]
15:24:26.302 INFO - Executing: [is displayed: 7 [[ChromeDriver: chrome on XP (c43f2a6b2b75c24a5cb0cb173bf5458b)] -> css selector: input[type=file]#image]])
15:24:26.333 INFO - Done: [is displayed: 7 [[ChromeDriver: chrome on XP (c43f2a6b2b75c24a5cb0cb173bf5458b)] -> css selector: input[type=file]#image]]
15:24:26.339 INFO - Executing: [find element: By.cssSelector: button#user-create-user-btn])
15:24:27.139 WARN - Exception thrown
org.openqa.selenium.NoSuchElementException: no such element: Unable to locate element: {"method":"css selector","selector":"button#user-create-user-btn"}
  (Session info: chrome=58.0.3029.33)
  (Driver info: chromedriver=2.28.455520 (cc17746adff54984afff480136733114c6b3704b),platform=Windows NT 10.0.14393 x86_64) (WARNING: The server did not provide any stacktrace information)
Command duration or timeout: 26 milliseconds
For documentation on this error, please visit: http://seleniumhq.org/exceptions/no_such_element.html
Build info: version: '3.3.1', revision: '5234b32', time: '2017-03-10 09:04:52 -0800'
System info: host: 'DESKTOP-K6PNH2K', ip: '192.168.1.141', os.name: 'Windows 10', os.arch: 'x86', os.version: '10.0', java.version: '1.8.0_121'
Driver info: org.openqa.selenium.chrome.ChromeDriver
Capabilities [{applicationCacheEnabled=false, rotatable=false, mobileEmulationEnabled=false, networkConnectionEnabled=false, chrome={chromedriverVersion=2.28.455520 (cc17746adff54984afff480136733114c6b3704b), userDataDir=C:\Users\AYYAVA~1\AppData\Local\Temp\scoped_dir984_10542}, takesHeapSnapshot=true, pageLoadStrategy=normal, databaseEnabled=false, handlesAlerts=true, hasTouchScreen=false, version=58.0.3029.33, platform=XP, browserConnectionEnabled=false, nativeEvents=true, acceptSslCerts=true, locationContextEnabled=true, webStorageEnabled=true, browserName=chrome, takesScreenshot=true, javascriptEnabled=true, cssSelectorsEnabled=true, unexpectedAlertBehaviour=}]
Session ID: c43f2a6b2b75c24a5cb0cb173bf5458b
*** Element info: {Using=css selector, value=button#user-create-user-btn}
	at sun.reflect.NativeConstructorAccessorImpl.newInstance0(Native Method)
	at sun.reflect.NativeConstructorAccessorImpl.newInstance(Unknown Source)
	at sun.reflect.DelegatingConstructorAccessorImpl.newInstance(Unknown Source)
	at java.lang.reflect.Constructor.newInstance(Unknown Source)
	at org.openqa.selenium.remote.ErrorHandler.createThrowable(ErrorHandler.java:216)
	at org.openqa.selenium.remote.ErrorHandler.throwIfResponseFailed(ErrorHandler.java:168)
	at org.openqa.selenium.remote.RemoteWebDriver.execute(RemoteWebDriver.java:638)
	at org.openqa.selenium.remote.RemoteWebDriver.findElement(RemoteWebDriver.java:371)
	at org.openqa.selenium.remote.RemoteWebDriver.findElementByCssSelector(RemoteWebDriver.java:468)
	at org.openqa.selenium.By$ByCssSelector.findElement(By.java:430)
	at org.openqa.selenium.remote.RemoteWebDriver.findElement(RemoteWebDriver.java:363)
	at sun.reflect.GeneratedMethodAccessor11.invoke(Unknown Source)
	at sun.reflect.DelegatingMethodAccessorImpl.invoke(Unknown Source)
	at java.lang.reflect.Method.invoke(Unknown Source)
	at org.openqa.selenium.support.events.EventFiringWebDriver$2.invoke(EventFiringWebDriver.java:104)
	at com.sun.proxy.$Proxy4.findElement(Unknown Source)
	at org.openqa.selenium.support.events.EventFiringWebDriver.findElement(EventFiringWebDriver.java:188)
	at org.openqa.selenium.remote.server.handler.FindElement.call(FindElement.java:48)
	at org.openqa.selenium.remote.server.handler.FindElement.call(FindElement.java:33)
	at java.util.concurrent.FutureTask.run(Unknown Source)
	at org.openqa.selenium.remote.server.DefaultSession$1.run(DefaultSession.java:176)
	at java.util.concurrent.ThreadPoolExecutor.runWorker(Unknown Source)
	at java.util.concurrent.ThreadPoolExecutor$Worker.run(Unknown Source)
	at java.lang.Thread.run(Unknown Source)
15:24:27.141 WARN - Exception: no such element: Unable to locate element: {"method":"css selector","selector":"button#user-create-user-btn"}
  (Session info: chrome=58.0.3029.33)
  (Driver info: chromedriver=2.28.455520 (cc17746adff54984afff480136733114c6b3704b),platform=Windows NT 10.0.14393 x86_64) (WARNING: The server did not provide any stacktrace information)
Command duration or timeout: 26 milliseconds
For documentation on this error, please visit: http://seleniumhq.org/exceptions/no_such_element.html
Build info: version: '3.3.1', revision: '5234b32', time: '2017-03-10 09:04:52 -0800'
System info: host: 'DESKTOP-K6PNH2K', ip: '192.168.1.141', os.name: 'Windows 10', os.arch: 'x86', os.version: '10.0', java.version: '1.8.0_121'
Driver info: org.openqa.selenium.chrome.ChromeDriver
Capabilities [{applicationCacheEnabled=false, rotatable=false, mobileEmulationEnabled=false, networkConnectionEnabled=false, chrome={chromedriverVersion=2.28.455520 (cc17746adff54984afff480136733114c6b3704b), userDataDir=C:\Users\AYYAVA~1\AppData\Local\Temp\scoped_dir984_10542}, takesHeapSnapshot=true, pageLoadStrategy=normal, databaseEnabled=false, handlesAlerts=true, hasTouchScreen=false, version=58.0.3029.33, platform=XP, browserConnectionEnabled=false, nativeEvents=true, acceptSslCerts=true, locationContextEnabled=true, webStorageEnabled=true, browserName=chrome, takesScreenshot=true, javascriptEnabled=true, cssSelectorsEnabled=true, unexpectedAlertBehaviour=}]
Session ID: c43f2a6b2b75c24a5cb0cb173bf5458b
*** Element info: {Using=css selector, value=button#user-create-user-btn}
15:24:27.246 INFO - Executing: [delete session: 44bae243-dcbe-4965-9172-ce7d078d9df8])
15:24:27.996 INFO - Done: [delete session: 44bae243-dcbe-4965-9172-ce7d078d9df8]
